\BOOKMARK [1][-]{section.1}{\376\377\000A\000g\000r\000a\000d\000e\000c\000i\000m\000i\000e\000n\000t\000o\000s}{}% 1
\BOOKMARK [1][-]{section.2}{\376\377\000R\000e\000s\000u\000m\000e\000n}{}% 2
\BOOKMARK [1][-]{section.3}{\376\377\000I\000n\000t\000r\000o\000d\000u\000c\000c\000i\000\363\000n}{}% 3
\BOOKMARK [1][-]{section.4}{\376\377\000O\000b\000j\000e\000t\000i\000v\000o\000s\000\040\000P\000l\000a\000n\000t\000e\000a\000d\000o\000s\000\040\000y\000\040\000R\000e\000s\000u\000l\000t\000a\000d\000o\000s\000\040\000E\000s\000p\000e\000r\000a\000d\000o\000s}{}% 4
\BOOKMARK [2][-]{subsection.4.1}{\376\377\000O\000b\000j\000e\000t\000i\000v\000o\000s\000\040\000e\000s\000p\000e\000c\000\355\000f\000i\000c\000o\000s}{section.4}% 5
\BOOKMARK [1][-]{section.5}{\376\377\000E\000s\000t\000a\000d\000o\000\040\000d\000e\000l\000\040\000A\000r\000t\000e}{}% 6
\BOOKMARK [2][-]{subsection.5.1}{\376\377\000M\000a\000r\000c\000o\000\040\000T\000e\000\363\000r\000i\000c\000o}{section.5}% 7
\BOOKMARK [2][-]{subsection.5.2}{\376\377\000L\000a\000\040\000T\000r\000a\000n\000s\000i\000c\000i\000\363\000n\000\040\000H\000a\000c\000i\000a\000\040\000S\000i\000s\000t\000e\000m\000a\000s\000\040\000W\000e\000b}{section.5}% 8
\BOOKMARK [2][-]{subsection.5.3}{\376\377\000T\000e\000c\000n\000o\000l\000o\000g\000\355\000a\000s}{section.5}% 9
\BOOKMARK [3][-]{subsubsection.5.3.1}{\376\377\000F\000r\000o\000n\000t\000e\000n\000d\000:\000\040\000R\000e\000a\000c\000t\000\040\000+\000\040\000T\000y\000p\000e\000S\000c\000r\000i\000p\000t}{subsection.5.3}% 10
\BOOKMARK [3][-]{subsubsection.5.3.2}{\376\377\000B\000a\000c\000k\000e\000n\000d\000:\000\040\000J\000a\000v\000a\000\040\000+\000\040\000S\000p\000r\000i\000n\000g\000\040\000B\000o\000o\000t}{subsection.5.3}% 11
\BOOKMARK [3][-]{subsubsection.5.3.3}{\376\377\000B\000a\000s\000e\000\040\000d\000e\000\040\000D\000a\000t\000o\000s\000:\000\040\000P\000o\000s\000t\000g\000r\000e\000S\000Q\000L}{subsection.5.3}% 12
\BOOKMARK [3][-]{subsubsection.5.3.4}{\376\377\000I\000n\000f\000r\000a\000e\000s\000t\000r\000u\000c\000t\000u\000r\000a\000\040\000y\000\040\000A\000r\000q\000u\000i\000t\000e\000c\000t\000u\000r\000a}{subsection.5.3}% 13
\BOOKMARK [2][-]{subsection.5.4}{\376\377\000S\000o\000l\000u\000c\000i\000o\000n\000e\000s\000\040\000S\000i\000m\000i\000l\000a\000r\000e\000s}{section.5}% 14
\BOOKMARK [3][-]{subsubsection.5.4.1}{\376\377\000A\000i\000r\000t\000a\000b\000l\000e}{subsection.5.4}% 15
\BOOKMARK [3][-]{subsubsection.5.4.2}{\376\377\000S\000m\000a\000r\000t\000s\000h\000e\000e\000t}{subsection.5.4}% 16
\BOOKMARK [3][-]{subsubsection.5.4.3}{\376\377\000O\000d\000o\000o}{subsection.5.4}% 17
\BOOKMARK [2][-]{subsection.5.5}{\376\377\000C\000o\000n\000c\000l\000u\000s\000i\000\363\000n\000\040\000d\000e\000l\000\040\000a\000n\000\341\000l\000i\000s\000i\000s\000\040\000c\000o\000m\000p\000a\000r\000a\000t\000i\000v\000o}{section.5}% 18
\BOOKMARK [1][-]{section.6}{\376\377\000A\000n\000\341\000l\000i\000s\000i\000s\000\040\000d\000e\000l\000\040\000P\000r\000o\000b\000l\000e\000m\000a}{}% 19
\BOOKMARK [2][-]{subsection.6.1}{\376\377\000V\000i\000s\000t\000a\000\040\000d\000e\000l\000\040\000M\000o\000d\000e\000l\000o\000\040\000d\000e\000\040\000D\000o\000m\000i\000n\000i\000o}{section.6}% 20
\BOOKMARK [2][-]{subsection.6.2}{\376\377\000D\000e\000f\000i\000n\000i\000c\000i\000\363\000n\000\040\000d\000e\000\040\000C\000a\000s\000o\000s\000\040\000d\000e\000\040\000U\000s\000o}{section.6}% 21
\BOOKMARK [2][-]{subsection.6.3}{\376\377\000A\000c\000t\000o\000r\000e\000s}{section.6}% 22
\BOOKMARK [2][-]{subsection.6.4}{\376\377\000D\000i\000a\000g\000r\000a\000m\000a\000\040\000d\000e\000\040\000C\000a\000s\000o\000s\000\040\000d\000e\000\040\000U\000s\000o}{section.6}% 23
\BOOKMARK [2][-]{subsection.6.5}{\376\377\000V\000i\000s\000t\000a\000\040\000d\000e\000l\000\040\000M\000o\000d\000e\000l\000o\000\040\000d\000e\000\040\000D\000i\000s\000e\000\361\000o}{section.6}% 24
\BOOKMARK [2][-]{subsection.6.6}{\376\377\000D\000e\000s\000c\000r\000i\000p\000c\000i\000\363\000n\000\040\000d\000e\000\040\000l\000a\000\040\000A\000r\000q\000u\000i\000t\000e\000c\000t\000u\000r\000a\000\040\000d\000e\000l\000\040\000S\000i\000s\000t\000e\000m\000a}{section.6}% 25
\BOOKMARK [3][-]{subsubsection.6.6.1}{\376\377\000C\000a\000p\000a\000\040\000d\000e\000\040\000C\000l\000i\000e\000n\000t\000e\000\040\000\050\000S\000P\000A\000/\000P\000W\000A\000\051}{subsection.6.6}% 26
\BOOKMARK [3][-]{subsubsection.6.6.2}{\376\377\000C\000a\000p\000a\000\040\000d\000e\000\040\000S\000e\000g\000u\000r\000i\000d\000a\000d}{subsection.6.6}% 27
\BOOKMARK [3][-]{subsubsection.6.6.3}{\376\377\000C\000a\000p\000a\000\040\000d\000e\000\040\000P\000r\000e\000s\000e\000n\000t\000a\000c\000i\000\363\000n\000\040\000\050\000F\000r\000o\000n\000t\000e\000n\000d\000\051}{subsection.6.6}% 28
\BOOKMARK [3][-]{subsubsection.6.6.4}{\376\377\000C\000a\000p\000a\000\040\000d\000e\000\040\000A\000p\000l\000i\000c\000a\000c\000i\000\363\000n\000\040\000\050\000B\000a\000c\000k\000e\000n\000d\000\051}{subsection.6.6}% 29
\BOOKMARK [3][-]{subsubsection.6.6.5}{\376\377\000C\000a\000p\000a\000\040\000d\000e\000\040\000D\000a\000t\000o\000s}{subsection.6.6}% 30
\BOOKMARK [2][-]{subsection.6.7}{\376\377\000D\000e\000s\000c\000o\000m\000p\000o\000s\000i\000c\000i\000\363\000n\000\040\000e\000n\000\040\000s\000u\000b\000s\000i\000s\000t\000e\000m\000a\000s}{section.6}% 31
\BOOKMARK [3][-]{subsubsection.6.7.1}{\376\377\000S\000u\000b\000s\000i\000s\000t\000e\000m\000a\000\040\000d\000e\000\040\000C\000l\000i\000e\000n\000t\000e}{subsection.6.7}% 32
\BOOKMARK [3][-]{subsubsection.6.7.2}{\376\377\000S\000u\000b\000s\000i\000s\000t\000e\000m\000a\000\040\000d\000e\000\040\000S\000e\000g\000u\000r\000i\000d\000a\000d}{subsection.6.7}% 33
\BOOKMARK [3][-]{subsubsection.6.7.3}{\376\377\000S\000u\000b\000s\000i\000s\000t\000e\000m\000a\000\040\000d\000e\000\040\000P\000r\000e\000s\000e\000n\000t\000a\000c\000i\000\363\000n\000\040\000\050\000F\000r\000o\000n\000t\000e\000n\000d\000\051}{subsection.6.7}% 34
\BOOKMARK [3][-]{subsubsection.6.7.4}{\376\377\000S\000u\000b\000s\000i\000s\000t\000e\000m\000a\000\040\000d\000e\000\040\000A\000p\000l\000i\000c\000a\000c\000i\000\363\000n\000\040\000\050\000B\000a\000c\000k\000e\000n\000d\000\051}{subsection.6.7}% 35
\BOOKMARK [3][-]{subsubsection.6.7.5}{\376\377\000S\000u\000b\000s\000i\000s\000t\000e\000m\000a\000\040\000d\000e\000\040\000D\000a\000t\000o\000s}{subsection.6.7}% 36
\BOOKMARK [1][-]{section.7}{\376\377\000I\000m\000p\000l\000e\000m\000e\000n\000t\000a\000c\000i\000\363\000n}{}% 37
\BOOKMARK [2][-]{subsection.7.1}{\376\377\000D\000i\000a\000g\000r\000a\000m\000a\000\040\000d\000e\000\040\000D\000e\000p\000l\000o\000y\000m\000e\000n\000t\000\040\000d\000e\000\040\000U\000M\000L}{section.7}% 38
\BOOKMARK [2][-]{subsection.7.2}{\376\377\000T\000e\000c\000n\000o\000l\000o\000g\000\355\000a\000s\000\040\000a\000\040\000u\000t\000i\000l\000i\000z\000a\000r}{section.7}% 39
\BOOKMARK [2][-]{subsection.7.3}{\376\377\000F\000r\000o\000n\000t\000e\000n\000d}{section.7}% 40
\BOOKMARK [2][-]{subsection.7.4}{\376\377\000B\000a\000c\000k\000e\000n\000d}{section.7}% 41
\BOOKMARK [2][-]{subsection.7.5}{\376\377\000H\000o\000r\000a\000s\000\040\000D\000e\000d\000i\000c\000a\000d\000a\000s}{section.7}% 42
\BOOKMARK [3][-]{subsubsection.7.5.1}{\376\377\000E\000t\000a\000p\000a\000\040\0001\000:\000\040\000D\000o\000c\000u\000m\000e\000n\000t\000a\000c\000i\000\363\000n\000\040\000y\000\040\000A\000n\000\341\000l\000i\000s\000i\000s}{subsection.7.5}% 43
\BOOKMARK [3][-]{subsubsection.7.5.2}{\376\377\000E\000t\000a\000p\000a\000\040\0002\000:\000\040\000D\000e\000s\000a\000r\000r\000o\000l\000l\000o}{subsection.7.5}% 44
\BOOKMARK [3][-]{subsubsection.7.5.3}{\376\377\000E\000t\000a\000p\000a\000\040\0003\000:\000\040\000T\000e\000s\000t\000i\000n\000g\000,\000\040\000D\000o\000c\000u\000m\000e\000n\000t\000a\000c\000i\000\363\000n\000\040\000F\000i\000n\000a\000l\000\040\000y\000\040\000P\000r\000e\000s\000e\000n\000t\000a\000c\000i\000\363\000n}{subsection.7.5}% 45
\BOOKMARK [1][-]{section.8}{\376\377\000G\000e\000s\000t\000i\000\363\000n\000\040\000d\000e\000\040\000P\000r\000o\000y\000e\000c\000t\000o}{}% 46
\BOOKMARK [2][-]{subsection.8.1}{\376\377\000E\000n\000t\000o\000r\000n\000o\000\040\000d\000e\000\040\000D\000e\000s\000a\000r\000r\000o\000l\000l\000o}{section.8}% 47
\BOOKMARK [2][-]{subsection.8.2}{\376\377\000T\000e\000c\000n\000o\000l\000o\000g\000\355\000a\000s\000\040\000u\000t\000i\000l\000i\000z\000a\000d\000a\000s}{section.8}% 48
\BOOKMARK [3][-]{subsubsection.8.2.1}{\376\377\000C\000l\000i\000e\000n\000t\000e}{subsection.8.2}% 49
\BOOKMARK [3][-]{subsubsection.8.2.2}{\376\377\000S\000e\000r\000v\000i\000d\000o\000r}{subsection.8.2}% 50
\BOOKMARK [3][-]{subsubsection.8.2.3}{\376\377\000S\000e\000r\000v\000i\000c\000i\000o\000s\000\040\000y\000\040\000A\000P\000I}{subsection.8.2}% 51
\BOOKMARK [3][-]{subsubsection.8.2.4}{\376\377\000P\000e\000r\000s\000i\000s\000t\000e\000n\000c\000i\000a\000\040\000y\000\040\000B\000a\000s\000e\000\040\000d\000e\000\040\000D\000a\000t\000o\000s}{subsection.8.2}% 52
\BOOKMARK [3][-]{subsubsection.8.2.5}{\376\377\000S\000e\000g\000u\000r\000i\000d\000a\000d}{subsection.8.2}% 53
\BOOKMARK [3][-]{subsubsection.8.2.6}{\376\377\000H\000e\000r\000r\000a\000m\000i\000e\000n\000t\000a\000s\000\040\000d\000e\000\040\000C\000o\000n\000s\000t\000r\000u\000c\000c\000i\000\363\000n\000,\000\040\000T\000e\000s\000t\000i\000n\000g\000\040\000y\000\040\000D\000e\000v\000O\000p\000s}{subsection.8.2}% 54
\BOOKMARK [1][-]{section.9}{\376\377\000P\000r\000o\000b\000l\000e\000m\000a\000s\000\040\000E\000n\000c\000o\000n\000t\000r\000a\000d\000o\000s}{}% 55
\BOOKMARK [2][-]{subsection.9.1}{\376\377\000R\000e\000e\000s\000t\000r\000u\000c\000t\000u\000r\000a\000c\000i\000\363\000n\000\040\000d\000e\000l\000\040\000M\000\363\000d\000u\000l\000o\000\040\000d\000e\000\040\000G\000e\000r\000m\000i\000n\000a\000c\000i\000\363\000n}{section.9}% 56
\BOOKMARK [2][-]{subsection.9.2}{\376\377\000C\000a\000m\000b\000i\000o\000\040\000d\000e\000\040\000R\000e\000q\000u\000i\000s\000i\000t\000o\000s}{section.9}% 57
\BOOKMARK [1][-]{section.10}{\376\377\000T\000e\000s\000t\000i\000n\000g\000\040\000d\000e\000\040\000l\000a\000\040\000A\000p\000l\000i\000c\000a\000c\000i\000\363\000n\000\040\000D\000e\000s\000a\000r\000r\000o\000l\000l\000a\000d\000a}{}% 58
\BOOKMARK [2][-]{subsection.10.1}{\376\377\000E\000s\000t\000r\000a\000t\000e\000g\000i\000a\000\040\000d\000e\000\040\000P\000r\000u\000e\000b\000a\000s}{section.10}% 59
\BOOKMARK [2][-]{subsection.10.2}{\376\377\000P\000r\000u\000e\000b\000a\000s\000\040\000U\000n\000i\000t\000a\000r\000i\000a\000s}{section.10}% 60
\BOOKMARK [2][-]{subsection.10.3}{\376\377\000P\000r\000u\000e\000b\000a\000s\000\040\000d\000e\000\040\000I\000n\000t\000e\000g\000r\000a\000c\000i\000\363\000n}{section.10}% 61
\BOOKMARK [2][-]{subsection.10.4}{\376\377\000P\000r\000u\000e\000b\000a\000s\000\040\000E\000n\000d\000-\000t\000o\000-\000E\000n\000d\000\040\000\050\000E\0002\000E\000\051}{section.10}% 62
\BOOKMARK [2][-]{subsection.10.5}{\376\377\000A\000u\000t\000o\000m\000a\000t\000i\000z\000a\000c\000i\000\363\000n\000\040\000y\000\040\000C\000I}{section.10}% 63
\BOOKMARK [2][-]{subsection.10.6}{\376\377\000R\000e\000s\000u\000l\000t\000a\000d\000o\000s\000\040\000y\000\040\000C\000o\000b\000e\000r\000t\000u\000r\000a}{section.10}% 64
\BOOKMARK [1][-]{section.11}{\376\377\000L\000a\000\040\000S\000o\000l\000u\000c\000i\000\363\000n\000\040\000D\000e\000s\000a\000r\000r\000o\000l\000l\000a\000d\000a}{}% 65
\BOOKMARK [2][-]{subsection.11.1}{\376\377\000O\000b\000j\000e\000t\000i\000v\000o\000s\000\040\000d\000e\000\040\000l\000a\000\040\000S\000o\000l\000u\000c\000i\000\363\000n}{section.11}% 66
\BOOKMARK [3][-]{subsubsection.11.1.1}{\376\377\000G\000e\000s\000t\000i\000\363\000n\000\040\000d\000e\000\040\000L\000o\000t\000e\000s\000\040\000d\000e\000\040\000S\000e\000m\000i\000l\000l\000a\000s}{subsection.11.1}% 67
\BOOKMARK [3][-]{subsubsection.11.1.2}{\376\377\000A\000n\000\341\000l\000i\000s\000i\000s\000\040\000d\000e\000\040\000C\000a\000l\000i\000d\000a\000d}{subsection.11.1}% 68
\BOOKMARK [3][-]{subsubsection.11.1.3}{\376\377\000P\000u\000r\000e\000z\000a\000\040\000F\000\355\000s\000i\000c\000a}{subsection.11.1}% 69
\BOOKMARK [3][-]{subsubsection.11.1.4}{\376\377\000G\000e\000r\000m\000i\000n\000a\000c\000i\000\363\000n}{subsection.11.1}% 70
\BOOKMARK [3][-]{subsubsection.11.1.5}{\376\377\000D\000O\000S\000N\000\040\000\050\000D\000e\000t\000e\000r\000m\000i\000n\000a\000c\000i\000\363\000n\000\040\000d\000e\000\040\000O\000t\000r\000a\000s\000\040\000S\000e\000m\000i\000l\000l\000a\000s\000\040\000e\000n\000\040\000N\000\372\000m\000e\000r\000o\000\051}{subsection.11.1}% 71
\BOOKMARK [3][-]{subsubsection.11.1.6}{\376\377\000P\000M\000S\000\040\000\050\000P\000e\000s\000o\000\040\000d\000e\000\040\000M\000i\000l\000\040\000S\000e\000m\000i\000l\000l\000a\000s\000\051}{subsection.11.1}% 72
\BOOKMARK [3][-]{subsubsection.11.1.7}{\376\377\000T\000e\000t\000r\000a\000z\000o\000l\000i\000o}{subsection.11.1}% 73
\BOOKMARK [3][-]{subsubsection.11.1.8}{\376\377\000F\000l\000u\000j\000o\000\040\000d\000e\000\040\000T\000r\000a\000b\000a\000j\000o\000\040\000d\000e\000l\000\040\000L\000a\000b\000o\000r\000a\000t\000o\000r\000i\000o}{subsection.11.1}% 74
\BOOKMARK [3][-]{subsubsection.11.1.9}{\376\377\000R\000e\000p\000o\000r\000t\000e\000s\000\040\000y\000\040\000E\000x\000p\000o\000r\000t\000a\000c\000i\000o\000n\000e\000s}{subsection.11.1}% 75
\BOOKMARK [1][-]{section.12}{\376\377\000C\000o\000n\000c\000l\000u\000s\000i\000o\000n\000e\000s}{}% 76
\BOOKMARK [1][-]{section.13}{\376\377\000T\000r\000a\000b\000a\000j\000o\000s\000\040\000a\000\040\000F\000u\000t\000u\000r\000o}{}% 77
\BOOKMARK [2][-]{subsection.13.1}{\376\377\000M\000\363\000d\000u\000l\000o\000\040\000d\000e\000\040\000a\000u\000d\000i\000t\000o\000r\000\355\000a\000s\000\040\000y\000\040\000c\000o\000n\000t\000r\000o\000l\000\040\000d\000e\000\040\000c\000a\000l\000i\000d\000a\000d}{section.13}% 78
\BOOKMARK [2][-]{subsection.13.2}{\376\377\000G\000e\000s\000t\000i\000\363\000n\000\040\000d\000o\000c\000u\000m\000e\000n\000t\000a\000l\000\040\000a\000v\000a\000n\000z\000a\000d\000a}{section.13}% 79
\BOOKMARK [2][-]{subsection.13.3}{\376\377\000A\000u\000t\000o\000m\000a\000t\000i\000z\000a\000c\000i\000\363\000n\000\040\000d\000e\000\040\000c\000\341\000l\000c\000u\000l\000o\000s\000\040\000y\000\040\000v\000a\000l\000i\000d\000a\000c\000i\000o\000n\000e\000s\000\040\000n\000o\000r\000m\000a\000t\000i\000v\000a\000s}{section.13}% 80
\BOOKMARK [2][-]{subsection.13.4}{\376\377\000O\000p\000t\000i\000m\000i\000z\000a\000c\000i\000\363\000n\000\040\000d\000e\000l\000\040\000f\000l\000u\000j\000o\000\040\000d\000e\000\040\000t\000r\000a\000b\000a\000j\000o}{section.13}% 81
\BOOKMARK [2][-]{subsection.13.5}{\376\377\000I\000n\000t\000e\000g\000r\000a\000c\000i\000\363\000n\000\040\000c\000o\000n\000\040\000s\000i\000s\000t\000e\000m\000a\000s\000\040\000e\000x\000t\000e\000r\000n\000o\000s}{section.13}% 82
\BOOKMARK [1][-]{section.14}{\376\377\000R\000e\000f\000e\000r\000e\000n\000c\000i\000a\000s}{}% 83
